2023-10-19 10:53:05,644 6949 [main] INFO  c.L.L.LibraryApplication - Starting LibraryApplication using Java 17.0.8 with PID 4300 (C:\Users\USER\IdeaProjects\LibraryApplication\target\classes started by USER in C:\Users\USER\IdeaProjects\LibraryApplication)
2023-10-19 10:53:05,660 6965 [main] INFO  c.L.L.LibraryApplication - No active profile set, falling back to 1 default profile: "default"
2023-10-19 10:53:18,083 19388 [main] INFO  o.s.d.r.c.RepositoryConfigurationDelegate - Bootstrapping Spring Data JPA repositories in DEFAULT mode.
2023-10-19 10:53:18,257 19562 [main] INFO  o.s.d.r.c.RepositoryConfigurationDelegate - Finished Spring Data repository scanning in 100 ms. Found 0 JPA repository interfaces.
2023-10-19 10:53:25,317 26622 [main] INFO  o.s.b.w.e.tomcat.TomcatWebServer - Tomcat initialized with port(s): 8080 (http)
2023-10-19 10:53:25,357 26662 [main] INFO  o.a.coyote.http11.Http11NioProtocol - Initializing ProtocolHandler ["http-nio-8080"]
2023-10-19 10:53:25,366 26671 [main] INFO  o.a.catalina.core.StandardService - Starting service [Tomcat]
2023-10-19 10:53:25,367 26672 [main] INFO  o.a.catalina.core.StandardEngine - Starting Servlet engine: [Apache Tomcat/10.1.12]
2023-10-19 10:53:25,769 27074 [main] INFO  o.a.c.c.C.[Tomcat].[localhost].[/] - Initializing Spring embedded WebApplicationContext
2023-10-19 10:53:25,770 27075 [main] INFO  o.s.b.w.s.c.ServletWebServerApplicationContext - Root WebApplicationContext: initialization completed in 19794 ms
2023-10-19 10:53:27,329 28634 [main] INFO  o.h.jpa.internal.util.LogHelper - HHH000204: Processing PersistenceUnitInfo [name: default]
2023-10-19 10:53:27,827 29132 [main] INFO  org.hibernate.Version - HHH000412: Hibernate ORM core version 6.2.7.Final
2023-10-19 10:53:27,834 29139 [main] INFO  org.hibernate.cfg.Environment - HHH000406: Using bytecode reflection optimizer
2023-10-19 10:53:31,205 32510 [main] INFO  o.h.b.i.BytecodeProviderInitiator - HHH000021: Bytecode provider name : bytebuddy
2023-10-19 10:53:33,247 34552 [main] INFO  o.s.o.j.p.SpringPersistenceUnitInfo - No LoadTimeWeaver setup: ignoring JPA class transformer
2023-10-19 10:53:33,708 35013 [main] INFO  com.zaxxer.hikari.HikariDataSource - HikariPool-1 - Starting...
2023-10-19 10:53:35,060 36365 [main] INFO  com.zaxxer.hikari.pool.HikariPool - HikariPool-1 - Added connection com.mysql.cj.jdbc.ConnectionImpl@2df3545d
2023-10-19 10:53:35,066 36371 [main] INFO  com.zaxxer.hikari.HikariDataSource - HikariPool-1 - Start completed.
2023-10-19 10:53:38,032 39337 [main] INFO  o.h.b.i.BytecodeProviderInitiator - HHH000021: Bytecode provider name : bytebuddy
2023-10-19 10:53:44,203 45508 [main] INFO  o.h.e.t.j.p.i.JtaPlatformInitiator - HHH000490: Using JtaPlatform implementation: [org.hibernate.engine.transaction.jta.platform.internal.NoJtaPlatform]
2023-10-19 10:53:46,491 47796 [main] INFO  o.s.o.j.LocalContainerEntityManagerFactoryBean - Initialized JPA EntityManagerFactory for persistence unit 'default'
2023-10-19 10:53:47,185 48490 [main] WARN  o.s.b.a.o.j.JpaBaseConfiguration$JpaWebConfiguration - spring.jpa.open-in-view is enabled by default. Therefore, database queries may be performed during view rendering. Explicitly configure spring.jpa.open-in-view to disable this warning
2023-10-19 10:53:50,784 52089 [main] INFO  o.a.coyote.http11.Http11NioProtocol - Starting ProtocolHandler ["http-nio-8080"]
2023-10-19 10:53:51,133 52438 [main] INFO  o.s.b.w.e.tomcat.TomcatWebServer - Tomcat started on port(s): 8080 (http) with context path ''
2023-10-19 10:53:51,211 52516 [main] INFO  c.L.L.LibraryApplication - Started LibraryApplication in 48.053 seconds (process running for 56.665)
