2023-10-07 19:25:47,905 4861 [main] INFO  c.L.L.LibraryApplication - Starting LibraryApplication using Java 17.0.8 with PID 1884 (C:\Users\USER\IdeaProjects\LibraryApplication\target\classes started by USER in C:\Users\USER\IdeaProjects\LibraryApplication)
2023-10-07 19:25:47,927 4883 [main] INFO  c.L.L.LibraryApplication - No active profile set, falling back to 1 default profile: "default"
2023-10-07 19:25:51,228 8184 [main] INFO  o.s.d.r.c.RepositoryConfigurationDelegate - Bootstrapping Spring Data JPA repositories in DEFAULT mode.
2023-10-07 19:25:51,368 8324 [main] INFO  o.s.d.r.c.RepositoryConfigurationDelegate - Finished Spring Data repository scanning in 108 ms. Found 0 JPA repository interfaces.
2023-10-07 19:25:55,248 12204 [main] INFO  o.s.b.w.e.tomcat.TomcatWebServer - Tomcat initialized with port(s): 8080 (http)
2023-10-07 19:25:55,276 12232 [main] INFO  o.a.coyote.http11.Http11NioProtocol - Initializing ProtocolHandler ["http-nio-8080"]
2023-10-07 19:25:55,285 12241 [main] INFO  o.a.catalina.core.StandardService - Starting service [Tomcat]
2023-10-07 19:25:55,287 12243 [main] INFO  o.a.catalina.core.StandardEngine - Starting Servlet engine: [Apache Tomcat/10.1.12]
2023-10-07 19:25:55,850 12806 [main] INFO  o.a.c.c.C.[Tomcat].[localhost].[/] - Initializing Spring embedded WebApplicationContext
2023-10-07 19:25:55,851 12807 [main] INFO  o.s.b.w.s.c.ServletWebServerApplicationContext - Root WebApplicationContext: initialization completed in 7644 ms
2023-10-07 19:25:56,925 13881 [main] INFO  o.h.jpa.internal.util.LogHelper - HHH000204: Processing PersistenceUnitInfo [name: default]
2023-10-07 19:25:57,238 14194 [main] INFO  org.hibernate.Version - HHH000412: Hibernate ORM core version 6.2.7.Final
2023-10-07 19:25:57,258 14214 [main] INFO  org.hibernate.cfg.Environment - HHH000406: Using bytecode reflection optimizer
2023-10-07 19:25:58,354 15310 [main] INFO  o.h.b.i.BytecodeProviderInitiator - HHH000021: Bytecode provider name : bytebuddy
2023-10-07 19:25:59,512 16468 [main] INFO  o.s.o.j.p.SpringPersistenceUnitInfo - No LoadTimeWeaver setup: ignoring JPA class transformer
2023-10-07 19:25:59,601 16557 [main] INFO  com.zaxxer.hikari.HikariDataSource - HikariPool-1 - Starting...
2023-10-07 19:26:00,639 17595 [main] INFO  com.zaxxer.hikari.pool.HikariPool - HikariPool-1 - Added connection com.mysql.cj.jdbc.ConnectionImpl@5e69cf07
2023-10-07 19:26:00,646 17602 [main] INFO  com.zaxxer.hikari.HikariDataSource - HikariPool-1 - Start completed.
2023-10-07 19:26:02,233 19189 [main] INFO  o.h.b.i.BytecodeProviderInitiator - HHH000021: Bytecode provider name : bytebuddy
2023-10-07 19:26:05,330 22286 [main] INFO  o.h.e.t.j.p.i.JtaPlatformInitiator - HHH000490: Using JtaPlatform implementation: [org.hibernate.engine.transaction.jta.platform.internal.NoJtaPlatform]
2023-10-07 19:26:18,240 35196 [main] INFO  o.s.o.j.LocalContainerEntityManagerFactoryBean - Initialized JPA EntityManagerFactory for persistence unit 'default'
2023-10-07 19:26:18,785 35741 [main] WARN  o.s.b.a.o.j.JpaBaseConfiguration$JpaWebConfiguration - spring.jpa.open-in-view is enabled by default. Therefore, database queries may be performed during view rendering. Explicitly configure spring.jpa.open-in-view to disable this warning
2023-10-07 19:26:20,366 37322 [main] INFO  o.a.coyote.http11.Http11NioProtocol - Starting ProtocolHandler ["http-nio-8080"]
2023-10-07 19:26:20,511 37467 [main] INFO  o.s.b.w.e.tomcat.TomcatWebServer - Tomcat started on port(s): 8080 (http) with context path ''
2023-10-07 19:26:20,547 37503 [main] INFO  c.L.L.LibraryApplication - Started LibraryApplication in 34.738 seconds (process running for 39.291)
2023-10-07 19:30:28,357 285313 [http-nio-8080-exec-1] INFO  o.a.c.c.C.[Tomcat].[localhost].[/] - Initializing Spring DispatcherServlet 'dispatcherServlet'
2023-10-07 19:30:28,394 285350 [http-nio-8080-exec-1] INFO  o.s.web.servlet.DispatcherServlet - Initializing Servlet 'dispatcherServlet'
2023-10-07 19:30:28,565 285521 [http-nio-8080-exec-1] INFO  o.s.web.servlet.DispatcherServlet - Completed initialization in 171 ms
2023-10-07 19:30:28,823 285779 [http-nio-8080-exec-1] WARN  o.s.w.s.m.s.DefaultHandlerExceptionResolver - Resolved [org.springframework.web.HttpRequestMethodNotSupportedException: Request method 'GET' is not supported]
2023-10-07 19:30:39,169 296125 [http-nio-8080-exec-5] INFO  c.L.L.controller.BookController - book info is enabled
2023-10-07 19:30:39,171 296127 [http-nio-8080-exec-5] DEBUG c.L.L.controller.BookController - book debug logging is enabled
2023-10-07 19:30:53,446 310402 [http-nio-8080-exec-4] INFO  c.L.L.controller.BookController - book info is enabled
2023-10-07 19:30:53,448 310404 [http-nio-8080-exec-4] DEBUG c.L.L.controller.BookController - book debug logging is enabled
2023-10-07 19:31:01,258 318214 [http-nio-8080-exec-3] INFO  c.L.L.controller.BookController - book info is enabled
2023-10-07 19:31:01,259 318215 [http-nio-8080-exec-3] DEBUG c.L.L.controller.BookController - book debug logging is enabled
